<?xml version="1.0" encoding="UTF-8"?>
<!-- Generated by org.testng.reporters.JUnitXMLReporter -->
<testsuite ignored="0" hostname="DESKTOP-J6EFUU9" failures="0" tests="10" name="Default test" time="58.273" errors="0" timestamp="2022-06-10T06:13:11 GMT-07:00">
  <testcase classname="OMS_Test.OMS_STORI_Test" name="loginfunction" time="0.493"/>
  <testcase classname="OMS_Test.OMS_STORI_Test" name="loginfunction" time="0.527"/>
  <testcase classname="OMS_Test.OMS_STORI_Test" name="loginfunction" time="0.494"/>
  <testcase classname="OMS_Test.OMS_STORI_Test" name="loginfunction" time="0.442"/>
  <testcase classname="OMS_Test.OMS_STORI_Test" name="loginfunction" time="0.469"/>
  <testcase classname="OMS_Test.OMS_STORI_Test" name="loginfunction" time="0.48"/>
  <testcase classname="OMS_Test.OMS_STORI_Test" name="loginfunction" time="0.475"/>
  <testcase classname="OMS_Test.OMS_STORI_Test" name="loginTest" time="0.209"/>
  <testcase classname="OMS_Test.OMS_STORI_Test" name="LogoutTest" time="1.056"/>
  <testcase classname="OMS_Test.OMS_STORI_Test" name="Createorder_Test" time="53.062"/>
</testsuite> <!-- Default test -->
