<?xml version="1.0" encoding="UTF-8"?>
<testng-results ignored="12" total="21" passed="8" failed="1" skipped="0">
  <reporter-output>
  </reporter-output>
  <suite started-at="2022-06-10T15:30:52 IST" name="Default suite" finished-at="2022-06-10T15:31:04 IST" duration-ms="11722">
    <groups>
    </groups>
    <test started-at="2022-06-10T15:30:52 IST" name="Default test" finished-at="2022-06-10T15:31:04 IST" duration-ms="11722">
      <class name="OMSTest.OMSTest">
        <test-method is-config="true" signature="suiteSetup()[pri:0, instance:OMSTest.OMSTest@2a2da905]" started-at="2022-06-10T15:30:45 IST" name="suiteSetup" finished-at="2022-06-10T15:30:52 IST" duration-ms="7515" status="PASS">
          <reporter-output>
          </reporter-output>
        </test-method> <!-- suiteSetup -->
        <test-method signature="OMSLoginTest()[pri:0, instance:OMSTest.OMSTest@2a2da905]" started-at="2022-06-10T15:30:52 IST" name="OMSLoginTest" finished-at="2022-06-10T15:30:53 IST" duration-ms="313" status="PASS">
          <reporter-output>
          </reporter-output>
        </test-method> <!-- OMSLoginTest -->
        <test-method signature="OMSFindOrdersDisplayTest()[pri:1, instance:OMSTest.OMSTest@2a2da905]" started-at="2022-06-10T15:30:53 IST" name="OMSFindOrdersDisplayTest" finished-at="2022-06-10T15:30:54 IST" duration-ms="1528" status="PASS">
          <reporter-output>
          </reporter-output>
        </test-method> <!-- OMSFindOrdersDisplayTest -->
        <test-method signature="OrderDisplayNameTest()[pri:2, instance:OMSTest.OMSTest@2a2da905]" started-at="2022-06-10T15:30:54 IST" name="OrderDisplayNameTest" finished-at="2022-06-10T15:30:54 IST" duration-ms="83" status="PASS">
          <reporter-output>
          </reporter-output>
        </test-method> <!-- OrderDisplayNameTest -->
        <test-method signature="CustomerReferenceTest()[pri:3, instance:OMSTest.OMSTest@2a2da905]" started-at="2022-06-10T15:30:54 IST" name="CustomerReferenceTest" finished-at="2022-06-10T15:30:55 IST" duration-ms="103" status="PASS">
          <reporter-output>
          </reporter-output>
        </test-method> <!-- CustomerReferenceTest -->
        <test-method signature="SearchAndExcelTest()[pri:16, instance:OMSTest.OMSTest@2a2da905]" started-at="2022-06-10T15:30:55 IST" name="SearchAndExcelTest" finished-at="2022-06-10T15:30:56 IST" duration-ms="1327" status="PASS">
          <reporter-output>
          </reporter-output>
        </test-method> <!-- SearchAndExcelTest -->
        <test-method signature="OrderEditTest()[pri:17, instance:OMSTest.OMSTest@2a2da905]" started-at="2022-06-10T15:30:56 IST" name="OrderEditTest" finished-at="2022-06-10T15:30:59 IST" duration-ms="3494" status="PASS">
          <reporter-output>
          </reporter-output>
        </test-method> <!-- OrderEditTest -->
        <test-method signature="OrderCancelAndRejectTest()[pri:18, instance:OMSTest.OMSTest@2a2da905]" started-at="2022-06-10T15:30:59 IST" name="OrderCancelAndRejectTest" finished-at="2022-06-10T15:31:02 IST" duration-ms="2694" status="PASS">
          <reporter-output>
          </reporter-output>
        </test-method> <!-- OrderCancelAndRejectTest -->
        <test-method signature="NavigateToSalesOrdersTest()[pri:19, instance:OMSTest.OMSTest@2a2da905]" started-at="2022-06-10T15:31:02 IST" name="NavigateToSalesOrdersTest" finished-at="2022-06-10T15:31:02 IST" duration-ms="246" status="PASS">
          <reporter-output>
          </reporter-output>
        </test-method> <!-- NavigateToSalesOrdersTest -->
        <test-method signature="OMSSalesOrdersTest()[pri:20, instance:OMSTest.OMSTest@2a2da905]" started-at="2022-06-10T15:31:02 IST" name="OMSSalesOrdersTest" finished-at="2022-06-10T15:31:04 IST" duration-ms="1693" status="FAIL">
          <exception class="org.openqa.selenium.ElementClickInterceptedException">
            <message>
              <![CDATA[element click intercepted: Element <span _ngcontent-lxp-c121="" tabindex="-1" class="dropdown-btn">...</span> is not clickable at point (1283, 192). Other element would receive the click: <div role="alertdialog" aria-live="polite" class="ng-tns-c124-3 toast-message ng-star-inserted" aria-label="Status for order #11 changed" style="">...</div>
  (Session info: chrome=102.0.5005.63)
Build info: version: '3.141.59', revision: 'e82be7d358', time: '2018-11-14T08:17:03'
System info: host: 'DESKTOP-KPVRKRG', ip: '192.168.1.4', os.name: 'Windows 10', os.arch: 'amd64', os.version: '10.0', java.version: '17.0.1'
Driver info: org.openqa.selenium.chrome.ChromeDriver
Capabilities {acceptInsecureCerts: false, browserName: chrome, browserVersion: 102.0.5005.63, chrome: {chromedriverVersion: 102.0.5005.61 (0e59bcc00cc4..., userDataDir: C:\Users\asish\AppData\Loca...}, goog:chromeOptions: {debuggerAddress: localhost:54909}, javascriptEnabled: true, networkConnectionEnabled: false, pageLoadStrategy: normal, platform: WINDOWS, platformName: WINDOWS, proxy: Proxy(), setWindowRect: true, strictFileInteractability: false, timeouts: {implicit: 0, pageLoad: 300000, script: 30000}, unhandledPromptBehavior: dismiss and notify, webauthn:extension:credBlob: true, webauthn:extension:largeBlob: true, webauthn:virtualAuthenticators: true}
Session ID: 1315c9bacb6ba7a41d734c78e0a7ad15]]>
            </message>
            <full-stacktrace>
              <![CDATA[org.openqa.selenium.ElementClickInterceptedException: element click intercepted: Element <span _ngcontent-lxp-c121="" tabindex="-1" class="dropdown-btn">...</span> is not clickable at point (1283, 192). Other element would receive the click: <div role="alertdialog" aria-live="polite" class="ng-tns-c124-3 toast-message ng-star-inserted" aria-label="Status for order #11 changed" style="">...</div>
  (Session info: chrome=102.0.5005.63)
Build info: version: '3.141.59', revision: 'e82be7d358', time: '2018-11-14T08:17:03'
System info: host: 'DESKTOP-KPVRKRG', ip: '192.168.1.4', os.name: 'Windows 10', os.arch: 'amd64', os.version: '10.0', java.version: '17.0.1'
Driver info: org.openqa.selenium.chrome.ChromeDriver
Capabilities {acceptInsecureCerts: false, browserName: chrome, browserVersion: 102.0.5005.63, chrome: {chromedriverVersion: 102.0.5005.61 (0e59bcc00cc4..., userDataDir: C:\Users\asish\AppData\Loca...}, goog:chromeOptions: {debuggerAddress: localhost:54909}, javascriptEnabled: true, networkConnectionEnabled: false, pageLoadStrategy: normal, platform: WINDOWS, platformName: WINDOWS, proxy: Proxy(), setWindowRect: true, strictFileInteractability: false, timeouts: {implicit: 0, pageLoad: 300000, script: 30000}, unhandledPromptBehavior: dismiss and notify, webauthn:extension:credBlob: true, webauthn:extension:largeBlob: true, webauthn:virtualAuthenticators: true}
Session ID: 1315c9bacb6ba7a41d734c78e0a7ad15
at java.base/jdk.internal.reflect.NativeConstructorAccessorImpl.newInstance0(Native Method)
at java.base/jdk.internal.reflect.NativeConstructorAccessorImpl.newInstance(NativeConstructorAccessorImpl.java:77)
at java.base/jdk.internal.reflect.DelegatingConstructorAccessorImpl.newInstance(DelegatingConstructorAccessorImpl.java:45)
at java.base/java.lang.reflect.Constructor.newInstanceWithCaller(Constructor.java:499)
at java.base/java.lang.reflect.Constructor.newInstance(Constructor.java:480)
at org.openqa.selenium.remote.http.W3CHttpResponseCodec.createException(W3CHttpResponseCodec.java:187)
at org.openqa.selenium.remote.http.W3CHttpResponseCodec.decode(W3CHttpResponseCodec.java:122)
at org.openqa.selenium.remote.http.W3CHttpResponseCodec.decode(W3CHttpResponseCodec.java:49)
at org.openqa.selenium.remote.HttpCommandExecutor.execute(HttpCommandExecutor.java:158)
at org.openqa.selenium.remote.service.DriverCommandExecutor.execute(DriverCommandExecutor.java:83)
at org.openqa.selenium.remote.RemoteWebDriver.execute(RemoteWebDriver.java:552)
at org.openqa.selenium.remote.RemoteWebElement.execute(RemoteWebElement.java:285)
at org.openqa.selenium.remote.RemoteWebElement.click(RemoteWebElement.java:84)
at jdk.internal.reflect.GeneratedMethodAccessor29.invoke(Unknown Source)
at java.base/jdk.internal.reflect.DelegatingMethodAccessorImpl.invoke(DelegatingMethodAccessorImpl.java:43)
at java.base/java.lang.reflect.Method.invoke(Method.java:568)
at org.openqa.selenium.support.pagefactory.internal.LocatingElementHandler.invoke(LocatingElementHandler.java:51)
at jdk.proxy2/jdk.proxy2.$Proxy34.click(Unknown Source)
at OMSPages.OMSSalesOrdersPage.findOrders(OMSSalesOrdersPage.java:147)
at OMSTest.OMSTest.OMSSalesOrdersTest(OMSTest.java:138)
at java.base/jdk.internal.reflect.NativeMethodAccessorImpl.invoke0(Native Method)
at java.base/jdk.internal.reflect.NativeMethodAccessorImpl.invoke(NativeMethodAccessorImpl.java:77)
at java.base/jdk.internal.reflect.DelegatingMethodAccessorImpl.invoke(DelegatingMethodAccessorImpl.java:43)
at java.base/java.lang.reflect.Method.invoke(Method.java:568)
at org.testng.internal.MethodInvocationHelper.invokeMethod(MethodInvocationHelper.java:133)
at org.testng.internal.TestInvoker.invokeMethod(TestInvoker.java:598)
at org.testng.internal.TestInvoker.invokeTestMethod(TestInvoker.java:173)
at org.testng.internal.MethodRunner.runInSequence(MethodRunner.java:46)
at org.testng.internal.TestInvoker$MethodInvocationAgent.invoke(TestInvoker.java:824)
at org.testng.internal.TestInvoker.invokeTestMethods(TestInvoker.java:146)
at org.testng.internal.TestMethodWorker.invokeTestMethods(TestMethodWorker.java:146)
at org.testng.internal.TestMethodWorker.run(TestMethodWorker.java:128)
at java.base/java.util.ArrayList.forEach(ArrayList.java:1511)
at org.testng.TestRunner.privateRun(TestRunner.java:794)
at org.testng.TestRunner.run(TestRunner.java:596)
at org.testng.SuiteRunner.runTest(SuiteRunner.java:377)
at org.testng.SuiteRunner.runSequentially(SuiteRunner.java:371)
at org.testng.SuiteRunner.privateRun(SuiteRunner.java:332)
at org.testng.SuiteRunner.run(SuiteRunner.java:276)
at org.testng.SuiteRunnerWorker.runSuite(SuiteRunnerWorker.java:53)
at org.testng.SuiteRunnerWorker.run(SuiteRunnerWorker.java:96)
at org.testng.TestNG.runSuitesSequentially(TestNG.java:1212)
at org.testng.TestNG.runSuitesLocally(TestNG.java:1134)
at org.testng.TestNG.runSuites(TestNG.java:1063)
at org.testng.TestNG.run(TestNG.java:1031)
at org.testng.remote.AbstractRemoteTestNG.run(AbstractRemoteTestNG.java:115)
at org.testng.remote.RemoteTestNG.initAndRun(RemoteTestNG.java:251)
at org.testng.remote.RemoteTestNG.main(RemoteTestNG.java:77)
]]>
            </full-stacktrace>
          </exception> <!-- org.openqa.selenium.ElementClickInterceptedException -->
          <reporter-output>
          </reporter-output>
        </test-method> <!-- OMSSalesOrdersTest -->
        <test-method is-config="true" signature="suiteTearDown()[pri:0, instance:OMSTest.OMSTest@2a2da905]" started-at="2022-06-10T15:31:04 IST" name="suiteTearDown" finished-at="2022-06-10T15:31:04 IST" duration-ms="1" status="PASS">
          <reporter-output>
          </reporter-output>
        </test-method> <!-- suiteTearDown -->
      </class> <!-- OMSTest.OMSTest -->
    </test> <!-- Default test -->
  </suite> <!-- Default suite -->
</testng-results>
